<?xml version="1.0" encoding="UTF-8"?>
<robot generator="Robot 7.4.1 (Python 3.13.5 on darwin)" generated="2026-04-28T06:21:11.479722" rpa="false" schemaversion="5">
<suite id="s1" name="Practice" source="/Users/siddhantingwale/PycharmProjects/RobotFramework/Test/practice.robot">
<test id="s1-t1" name="Validate Unsuccessful login" line="12">
<kw name="open browser with mortgage payment url">
<kw name="Create Webdriver" owner="SeleniumLibrary">
<msg time="2026-04-28T06:21:11.584069" level="INFO">Creating an instance of the Chrome WebDriver.</msg>
<arg>Chrome</arg>
<doc>Creates an instance of Selenium WebDriver.</doc>
<status status="PASS" start="2026-04-28T06:21:11.583993" elapsed="1.244313"/>
</kw>
<kw name="Go To" owner="SeleniumLibrary">
<msg time="2026-04-28T06:21:12.829573" level="INFO">Opening url 'https://rahulshettyacademy.com/loginpagePractise/'</msg>
<arg>https://rahulshettyacademy.com/loginpagePractise/</arg>
<doc>Navigates the current browser window to the provided ``url``.</doc>
<status status="PASS" start="2026-04-28T06:21:12.829007" elapsed="3.577406"/>
</kw>
<status status="PASS" start="2026-04-28T06:21:11.583662" elapsed="4.822952"/>
</kw>
<kw name="fill login form">
<kw name="Input Text" owner="SeleniumLibrary">
<msg time="2026-04-28T06:21:16.408333" level="INFO">Typing text 'siddhantlogin' into text field 'id=username'.</msg>
<arg>id=username</arg>
<arg>siddhantlogin</arg>
<doc>Types the given ``text`` into the text field identified by ``locator``.</doc>
<status status="PASS" start="2026-04-28T06:21:16.407392" elapsed="0.127738"/>
</kw>
<kw name="Input Password" owner="SeleniumLibrary">
<msg time="2026-04-28T06:21:16.535377" level="INFO">Typing password into text field 'id=password'.</msg>
<msg time="2026-04-28T06:21:16.548004" level="INFO">Temporally setting log level to: NONE</msg>
<arg>id=password</arg>
<arg>123456</arg>
<doc>Types the given password into the text field identified by ``locator``.</doc>
<status status="PASS" start="2026-04-28T06:21:16.535243" elapsed="0.043978"/>
</kw>
<kw name="Click Button" owner="SeleniumLibrary">
<msg time="2026-04-28T06:21:16.579447" level="INFO">Clicking button 'id=signInBtn'.</msg>
<arg>id=signInBtn</arg>
<doc>Clicks the button identified by ``locator``.</doc>
<status status="PASS" start="2026-04-28T06:21:16.579326" elapsed="0.058688"/>
</kw>
<status status="PASS" start="2026-04-28T06:21:16.407010" elapsed="0.231084"/>
</kw>
<kw name="wait untill checks error msg">
<kw name="Wait Until Element Is Visible" owner="SeleniumLibrary">
<arg>${Error_msg_Login}</arg>
<doc>Waits until the element ``locator`` is visible.</doc>
<status status="PASS" start="2026-04-28T06:21:16.640202" elapsed="2.209465"/>
</kw>
<status status="PASS" start="2026-04-28T06:21:16.638329" elapsed="2.211493"/>
</kw>
<kw name="verify error msg is correct">
<kw name="Element Text Should Be" owner="SeleniumLibrary">
<msg time="2026-04-28T06:21:18.850726" level="INFO">Verifying element 'css:.alert-danger' contains exact text 'Incorrect username/password.'.</msg>
<arg>${Error_msg_Login}</arg>
<arg>Incorrect username/password.</arg>
<doc>Verifies that element ``locator`` contains exact the text ``expected``.</doc>
<status status="PASS" start="2026-04-28T06:21:18.850431" elapsed="0.018053"/>
</kw>
<status status="PASS" start="2026-04-28T06:21:18.850097" elapsed="0.018484"/>
</kw>
<kw name="Close Browser" owner="SeleniumLibrary" type="TEARDOWN">
<doc>Closes the current browser.</doc>
<status status="PASS" start="2026-04-28T06:21:18.868837" elapsed="0.076205"/>
</kw>
<status status="PASS" start="2026-04-28T06:21:11.583376" elapsed="7.361766"/>
</test>
<doc>To validate the Login form</doc>
<status status="PASS" start="2026-04-28T06:21:11.480466" elapsed="7.465018"/>
</suite>
<statistics>
<total>
<stat pass="1" fail="0" skip="0">All Tests</stat>
</total>
<tag>
</tag>
<suite>
<stat name="Practice" id="s1" pass="1" fail="0" skip="0">Practice</stat>
</suite>
</statistics>
<errors>
</errors>
</robot>
